<?xml version="1.0" encoding="UTF-8"?>
<!-- Generated by org.testng.reporters.JUnitReportReporter -->
<testsuite skipped="0" hostname="matharu" name="com.facebook.Testcases.LoginTest" tests="5" failures="0" timestamp="24 Jul 2019 07:25:14 GMT" time="3.694" errors="0">
  <testcase name="fetchingImagesTest" time="0.125" classname="com.facebook.Testcases.LoginTest"/>
  <testcase name="verifyLoginTest" time="0.242" classname="com.facebook.Testcases.LoginTest"/>
  <testcase name="newuserTest" time="1.580" classname="com.facebook.Testcases.LoginTest"/>
  <testcase name="fetchingLinksTest" time="1.736" classname="com.facebook.Testcases.LoginTest"/>
  <testcase name="verifyTitleTest" time="0.011" classname="com.facebook.Testcases.LoginTest"/>
</testsuite> <!-- com.facebook.Testcases.LoginTest -->
